Using pre-set license
Built from '2021.3/staging' branch; Version is '2021.3.22f1 (b6c551784ba3) revision 11978065'; Using compiler version '192829333'; Build Type 'Release'
OS: 'Windows 11  (10.0.22621) 64bit Core' Language: 'ja' Physical Memory: 32509 MB
BatchMode: 1, IsHumanControllingUs: 0, StartBugReporterOnCrash: 0, Is64bit: 1, IsPro: 1

COMMAND LINE ARGUMENTS:
C:\Program Files\Unity\Hub\Editor\2021.3.22f1\Editor\Unity.exe
-adb2
-batchMode
-noUpm
-name
AssetImportWorker11
-projectPath
C:/Users/moris/Unity/HorrorSchool/HorrorSchool
-logFile
Logs/AssetImportWorker11.log
-srvPort
53208
Successfully changed project path to: C:/Users/moris/Unity/HorrorSchool/HorrorSchool
C:/Users/moris/Unity/HorrorSchool/HorrorSchool
[UnityMemory] Configuration Parameters - Can be set up in boot.config
    "memorysetup-bucket-allocator-granularity=16"
    "memorysetup-bucket-allocator-bucket-count=8"
    "memorysetup-bucket-allocator-block-size=33554432"
    "memorysetup-bucket-allocator-block-count=8"
    "memorysetup-main-allocator-block-size=16777216"
    "memorysetup-thread-allocator-block-size=16777216"
    "memorysetup-gfx-main-allocator-block-size=16777216"
    "memorysetup-gfx-thread-allocator-block-size=16777216"
    "memorysetup-cache-allocator-block-size=4194304"
    "memorysetup-typetree-allocator-block-size=2097152"
    "memorysetup-profiler-bucket-allocator-granularity=16"
    "memorysetup-profiler-bucket-allocator-bucket-count=8"
    "memorysetup-profiler-bucket-allocator-block-size=33554432"
    "memorysetup-profiler-bucket-allocator-block-count=8"
    "memorysetup-profiler-allocator-block-size=16777216"
    "memorysetup-profiler-editor-allocator-block-size=1048576"
    "memorysetup-temp-allocator-size-main=16777216"
    "memorysetup-job-temp-allocator-block-size=2097152"
    "memorysetup-job-temp-allocator-block-size-background=1048576"
    "memorysetup-job-temp-allocator-reduction-small-platforms=262144"
    "memorysetup-temp-allocator-size-background-worker=32768"
    "memorysetup-temp-allocator-size-job-worker=262144"
    "memorysetup-temp-allocator-size-preload-manager=33554432"
    "memorysetup-temp-allocator-size-nav-mesh-worker=65536"
    "memorysetup-temp-allocator-size-audio-worker=65536"
    "memorysetup-temp-allocator-size-cloud-worker=32768"
    "memorysetup-temp-allocator-size-gi-baking-worker=262144"
    "memorysetup-temp-allocator-size-gfx=262144"
Player connection [38700] Host "[IP] 192.168.0.34 [Port] 0 [Flags] 2 [Guid] 4194565731 [EditorId] 4194565731 [Version] 1048832 [Id] WindowsEditor(7,DESKTOP-GGBBF12) [Debug] 1 [PackageName] WindowsEditor [ProjectName] Editor" joined multi-casting on [225.0.0.222:54997]...

Player connection [38700] Host "[IP] 192.168.0.34 [Port] 0 [Flags] 2 [Guid] 4194565731 [EditorId] 4194565731 [Version] 1048832 [Id] WindowsEditor(7,DESKTOP-GGBBF12) [Debug] 1 [PackageName] WindowsEditor [ProjectName] Editor" joined alternative multi-casting on [225.0.0.222:34997]...

Refreshing native plugins compatible for Editor in 96.48 ms, found 3 plugins.
Preloading 0 native plugins for Editor in 0.00 ms.
Initialize engine version: 2021.3.22f1 (b6c551784ba3)
[Subsystems] Discovering subsystems at path C:/Program Files/Unity/Hub/Editor/2021.3.22f1/Editor/Data/Resources/UnitySubsystems
[Subsystems] Discovering subsystems at path C:/Users/moris/Unity/HorrorSchool/HorrorSchool/Assets
GfxDevice: creating device client; threaded=0; jobified=0
Direct3D:
    Version:  Direct3D 11.0 [level 11.1]
    Renderer: NVIDIA GeForce RTX 3050 Ti Laptop GPU (ID=0x25a0)
    Vendor:   NVIDIA
    VRAM:     3993 MB
    Driver:   30.0.15.1289
Initialize mono
Mono path[0] = 'C:/Program Files/Unity/Hub/Editor/2021.3.22f1/Editor/Data/Managed'
Mono path[1] = 'C:/Program Files/Unity/Hub/Editor/2021.3.22f1/Editor/Data/MonoBleedingEdge/lib/mono/unityjit-win32'
Mono config path = 'C:/Program Files/Unity/Hub/Editor/2021.3.22f1/Editor/Data/MonoBleedingEdge/etc'
Using monoOptions --debugger-agent=transport=dt_socket,embedding=1,server=y,suspend=n,address=127.0.0.1:56332
Begin MonoManager ReloadAssembly
Registering precompiled unity dll's ...
Register platform support module: C:/Program Files/Unity/Hub/Editor/2021.3.22f1/Editor/Data/PlaybackEngines/WebGLSupport/UnityEditor.WebGL.Extensions.dll
Register platform support module: C:/Program Files/Unity/Hub/Editor/2021.3.22f1/Editor/Data/PlaybackEngines/WindowsStandaloneSupport/UnityEditor.WindowsStandalone.Extensions.dll
Registered in 0.005143 seconds.
Native extension for WindowsStandalone target not found
Native extension for WebGL target not found
Refreshing native plugins compatible for Editor in 101.81 ms, found 3 plugins.
Preloading 0 native plugins for Editor in 0.00 ms.
Mono: successfully reloaded assembly
- Completed reload, in  0.546 seconds
Domain Reload Profiling:
	ReloadAssembly (547ms)
		BeginReloadAssembly (65ms)
			ExecutionOrderSort (0ms)
			DisableScriptedObjects (0ms)
			BackupInstance (0ms)
			ReleaseScriptingObjects (0ms)
			CreateAndSetChildDomain (1ms)
		EndReloadAssembly (400ms)
			LoadAssemblies (64ms)
			RebuildTransferFunctionScriptingTraits (0ms)
			SetupTypeCache (89ms)
			ReleaseScriptCaches (0ms)
			RebuildScriptCaches (23ms)
			SetupLoadedEditorAssemblies (247ms)
				LogAssemblyErrors (0ms)
				InitializePlatformSupportModulesInManaged (8ms)
				SetLoadedEditorAssemblies (0ms)
				RefreshPlugins (102ms)
				BeforeProcessingInitializeOnLoad (1ms)
				ProcessInitializeOnLoadAttributes (97ms)
				ProcessInitializeOnLoadMethodAttributes (39ms)
				AfterProcessingInitializeOnLoad (0ms)
				EditorAssembliesLoaded (0ms)
			ExecutionOrderSort2 (0ms)
			AwakeInstancesAfterBackupRestoration (0ms)
Platform modules already initialized, skipping
Registering precompiled user dll's ...
Registered in 0.004593 seconds.
Begin MonoManager ReloadAssembly
Symbol file LoadedFromMemory doesn't match image C:\Users\moris\Unity\HorrorSchool\HorrorSchool\Library\PackageCache\com.unity.visualscripting@1.8.0\Editor\VisualScripting.Core\Dependencies\YamlDotNet\Unity.VisualScripting.YamlDotNet.dll
Symbol file LoadedFromMemory doesn't match image C:\Users\moris\Unity\HorrorSchool\HorrorSchool\Library\PackageCache\com.unity.visualscripting@1.8.0\Editor\VisualScripting.Core\Dependencies\DotNetZip\Unity.VisualScripting.IonicZip.dll
Native extension for WindowsStandalone target not found
Native extension for WebGL target not found
Refreshing native plugins compatible for Editor in 97.60 ms, found 3 plugins.
Preloading 0 native plugins for Editor in 0.00 ms.
Mono: successfully reloaded assembly
- Completed reload, in  1.320 seconds
Domain Reload Profiling:
	ReloadAssembly (1321ms)
		BeginReloadAssembly (90ms)
			ExecutionOrderSort (0ms)
			DisableScriptedObjects (4ms)
			BackupInstance (0ms)
			ReleaseScriptingObjects (0ms)
			CreateAndSetChildDomain (15ms)
		EndReloadAssembly (1142ms)
			LoadAssemblies (93ms)
			RebuildTransferFunctionScriptingTraits (0ms)
			SetupTypeCache (406ms)
			ReleaseScriptCaches (1ms)
			RebuildScriptCaches (58ms)
			SetupLoadedEditorAssemblies (543ms)
				LogAssemblyErrors (0ms)
				InitializePlatformSupportModulesInManaged (5ms)
				SetLoadedEditorAssemblies (0ms)
				RefreshPlugins (98ms)
				BeforeProcessingInitializeOnLoad (100ms)
				ProcessInitializeOnLoadAttributes (270ms)
				ProcessInitializeOnLoadMethodAttributes (66ms)
				AfterProcessingInitializeOnLoad (5ms)
				EditorAssembliesLoaded (0ms)
			ExecutionOrderSort2 (0ms)
			AwakeInstancesAfterBackupRestoration (4ms)
Platform modules already initialized, skipping
========================================================================
Worker process is ready to serve import requests
Launched and connected shader compiler UnityShaderCompiler.exe after 0.07 seconds
Refreshing native plugins compatible for Editor in 0.83 ms, found 3 plugins.
Preloading 0 native plugins for Editor in 0.00 ms.
Unloading 5363 Unused Serialized files (Serialized files now loaded: 0)
Unloading 50 unused Assets / (0.8 MB). Loaded Objects now: 5815.
Memory consumption went from 215.9 MB to 215.0 MB.
Total: 3.207300 ms (FindLiveObjects: 0.331000 ms CreateObjectMapping: 0.184500 ms MarkObjects: 2.428800 ms  DeleteObjects: 0.261900 ms)

AssetImportParameters requested are different than current active one (requested -> active):
  custom:video-decoder-ogg-theora: a1e56fd34408186e4bbccfd4996cb3dc -> 
  custom:container-muxer-webm: aa71ff27fc2769a1b78a27578f13a17b -> 
  custom:container-demuxer-webm: 4f35f7cbe854078d1ac9338744f61a02 -> 
  custom:video-encoder-webm-vp8: eb34c28f22e8b96e1ab97ce403110664 -> 
  custom:video-codec-MediaFoundation-h265: 746d11721c4dcdbdad8f713fa42b33f4 -> 
  custom:audio-encoder-webm-vorbis: bf7c407c2cedff20999df2af8eb42d56 -> 
  custom:framework-win-MediaFoundation: 216162199b28c13a410421893ffa2e32 -> 
  custom:container-demuxer-ogg: 62fdf1f143b41e24485cea50d1cbac27 -> 
  custom:video-decoder-webm-vp8: 9c59270c3fd7afecdb556c50c9e8de78 -> 
  custom:audio-decoder-ogg-vorbis: bf7c407c2cedff20999df2af8eb42d56 -> 
========================================================================
Received Import Request.
  Time since last request: 392267.039228 seconds.
  path: Assets/Zombie/Base mesh
  artifactKey: Guid(7b19cb2f91e225744a382426d793c2de) Importer(815301076,1909f56bfc062723c751e8b465ee728b)
Start importing Assets/Zombie/Base mesh using Guid(7b19cb2f91e225744a382426d793c2de) Importer(815301076,1909f56bfc062723c751e8b465ee728b)  -> (artifact id: 'ffac6e3943277d7456421080724d780b') in 0.010063 seconds 
========================================================================
Received Import Request.
  Time since last request: 2.213668 seconds.
  path: Assets/Zombie/Materials/Standard_Two_Sided .shader
  artifactKey: Guid(20ff42f1f2c17de478c0b65bb301a3f6) Importer(815301076,1909f56bfc062723c751e8b465ee728b)
Start importing Assets/Zombie/Materials/Standard_Two_Sided .shader using Guid(20ff42f1f2c17de478c0b65bb301a3f6) Importer(815301076,1909f56bfc062723c751e8b465ee728b)  -> (artifact id: '01cf77613807a9f803a9035e0d40f76b') in 0.020192 seconds 
========================================================================
Received Import Request.
  Time since last request: 378.479204 seconds.
  path: Assets/Zombie/zombieSettings.lighting
  artifactKey: Guid(65ceb2e6ec9a364468615c8abc73cd1c) Importer(815301076,1909f56bfc062723c751e8b465ee728b)
Start importing Assets/Zombie/zombieSettings.lighting using Guid(65ceb2e6ec9a364468615c8abc73cd1c) Importer(815301076,1909f56bfc062723c751e8b465ee728b) LightingSettings: switching bake backend from 1 to 0.
 -> (artifact id: '9c7cd50d6085a9ac01082c87a6d9572b') in 0.005168 seconds 
========================================================================
Received Import Request.
  Time since last request: 739.184729 seconds.
  path: Assets/Zombie/Prefab
  artifactKey: Guid(5918e3c17e2294b4ea5cd036b54c6b6e) Importer(815301076,1909f56bfc062723c751e8b465ee728b)
Start importing Assets/Zombie/Prefab using Guid(5918e3c17e2294b4ea5cd036b54c6b6e) Importer(815301076,1909f56bfc062723c751e8b465ee728b)  -> (artifact id: '0e19094beed0e07c4cc5ea4ae093ddf3') in 0.003077 seconds 
========================================================================
Received Import Request.
  Time since last request: 0.062037 seconds.
  path: Assets/Zombie/Prefab/Zombie.prefab
  artifactKey: Guid(43b3bfc3c2f2ff146a8d85e63d0a4e26) Importer(815301076,1909f56bfc062723c751e8b465ee728b)
Start importing Assets/Zombie/Prefab/Zombie.prefab using Guid(43b3bfc3c2f2ff146a8d85e63d0a4e26) Importer(815301076,1909f56bfc062723c751e8b465ee728b)  -> (artifact id: '97c8a363afd16289233cea3437172c6d') in 0.250560 seconds 
========================================================================
Received Import Request.
  Time since last request: 8.878213 seconds.
  path: Assets/Zombie/Prefab/Zombie.prefab
  artifactKey: Guid(43b3bfc3c2f2ff146a8d85e63d0a4e26) Importer(815301076,1909f56bfc062723c751e8b465ee728b)
Start importing Assets/Zombie/Prefab/Zombie.prefab using Guid(43b3bfc3c2f2ff146a8d85e63d0a4e26) Importer(815301076,1909f56bfc062723c751e8b465ee728b)  -> (artifact id: 'b79c66fd329971b976a38ae8c576e333') in 0.575264 seconds 
========================================================================
Received Import Request.
  Time since last request: 22.560246 seconds.
  path: Assets/Zombie/Materials/Skin 1.mat
  artifactKey: Guid(126dff33fe5f4cf4c81fd40ad7f42589) Importer(815301076,1909f56bfc062723c751e8b465ee728b)
Start importing Assets/Zombie/Materials/Skin 1.mat using Guid(126dff33fe5f4cf4c81fd40ad7f42589) Importer(815301076,1909f56bfc062723c751e8b465ee728b)  -> (artifact id: '553b08e015828ba0d24ef598efce6baf') in 0.058188 seconds 
========================================================================
Received Import Request.
  Time since last request: 0.000025 seconds.
  path: Assets/Zombie/Materials/Skin 3.mat
  artifactKey: Guid(1d3501905821ac947917320a7a495b37) Importer(815301076,1909f56bfc062723c751e8b465ee728b)
Start importing Assets/Zombie/Materials/Skin 3.mat using Guid(1d3501905821ac947917320a7a495b37) Importer(815301076,1909f56bfc062723c751e8b465ee728b)  -> (artifact id: '6900250f16ff84d70b0babb63082eb11') in 0.512254 seconds 
========================================================================
Received Import Request.
  Time since last request: 103.497120 seconds.
  path: Assets/Zombie/Base mesh/Base mesh fbx.fbx
  artifactKey: Guid(9776c2c565280054689a67587800f1d9) Importer(815301076,1909f56bfc062723c751e8b465ee728b)
Start importing Assets/Zombie/Base mesh/Base mesh fbx.fbx using Guid(9776c2c565280054689a67587800f1d9) Importer(815301076,1909f56bfc062723c751e8b465ee728b)  -> (artifact id: 'bd0e2164afd8f6b9102f00271ea6c4e7') in 0.045111 seconds 
========================================================================
Received Import Request.
  Time since last request: 3.308011 seconds.
  path: Assets/Zombie/Base mesh/Materials
  artifactKey: Guid(3ac7f127340673c4c9125b553f8ae280) Importer(815301076,1909f56bfc062723c751e8b465ee728b)
Start importing Assets/Zombie/Base mesh/Materials using Guid(3ac7f127340673c4c9125b553f8ae280) Importer(815301076,1909f56bfc062723c751e8b465ee728b)  -> (artifact id: 'e3dc960b31850c9dee658113f0f3d3da') in 0.002533 seconds 
========================================================================
Received Import Request.
  Time since last request: 7.142232 seconds.
  path: Assets/Zombie/stand
  artifactKey: Guid(a57a6c7dc88a93f479444a7e2dbacf46) Importer(815301076,1909f56bfc062723c751e8b465ee728b)
Start importing Assets/Zombie/stand using Guid(a57a6c7dc88a93f479444a7e2dbacf46) Importer(815301076,1909f56bfc062723c751e8b465ee728b)  -> (artifact id: '60863c31833da2d1a4e7a44554726ad7') in 0.003632 seconds 
========================================================================
Received Import Request.
  Time since last request: 1.893004 seconds.
  path: Assets/Zombie/textures/Texture3
  artifactKey: Guid(a34eb4910b9ad6147b96a08ef49a1b8d) Importer(815301076,1909f56bfc062723c751e8b465ee728b)
Start importing Assets/Zombie/textures/Texture3 using Guid(a34eb4910b9ad6147b96a08ef49a1b8d) Importer(815301076,1909f56bfc062723c751e8b465ee728b)  -> (artifact id: 'd2d7befb71ee0d9309b0a9907899c043') in 0.002440 seconds 
========================================================================
Received Import Request.
  Time since last request: 0.068079 seconds.
  path: Assets/Zombie/textures/Texture3/1_Albedo.tga
  artifactKey: Guid(b4bd5e4c49e6aea428c61e4b94390fe4) Importer(815301076,1909f56bfc062723c751e8b465ee728b)
Start importing Assets/Zombie/textures/Texture3/1_Albedo.tga using Guid(b4bd5e4c49e6aea428c61e4b94390fe4) Importer(815301076,1909f56bfc062723c751e8b465ee728b)  -> (artifact id: 'ad3436463a251ae2b5742df7591ce9af') in 0.030239 seconds 
========================================================================
Received Import Request.
  Time since last request: 0.000041 seconds.
  path: Assets/Zombie/textures/Texture3/1_Occlusion.tga
  artifactKey: Guid(15d50d41f767b6843a9a74fbb2136004) Importer(815301076,1909f56bfc062723c751e8b465ee728b)
Start importing Assets/Zombie/textures/Texture3/1_Occlusion.tga using Guid(15d50d41f767b6843a9a74fbb2136004) Importer(815301076,1909f56bfc062723c751e8b465ee728b)  -> (artifact id: '91a9836f4115129997866bc225f51d03') in 0.018439 seconds 
========================================================================
Received Import Request.
  Time since last request: 4.935817 seconds.
  path: Assets/Zombie/textures/Texture2
  artifactKey: Guid(733bb67938a27da4595d42816ba679a6) Importer(815301076,1909f56bfc062723c751e8b465ee728b)
Start importing Assets/Zombie/textures/Texture2 using Guid(733bb67938a27da4595d42816ba679a6) Importer(815301076,1909f56bfc062723c751e8b465ee728b)  -> (artifact id: '5d384df7e18c9f665fe8d0d3c228a2e6') in 0.002565 seconds 
========================================================================
Received Import Request.
  Time since last request: 0.059441 seconds.
  path: Assets/Zombie/textures/Texture2/1_Albedo.tga
  artifactKey: Guid(bac46e9f075ea0445810a60433026ccd) Importer(815301076,1909f56bfc062723c751e8b465ee728b)
Start importing Assets/Zombie/textures/Texture2/1_Albedo.tga using Guid(bac46e9f075ea0445810a60433026ccd) Importer(815301076,1909f56bfc062723c751e8b465ee728b)  -> (artifact id: '50389bb288df5d32b3447a886aad29d1') in 0.021270 seconds 
========================================================================
Received Import Request.
  Time since last request: 0.000125 seconds.
  path: Assets/Zombie/textures/Texture2/1_Normal.tga
  artifactKey: Guid(17648fa2fc6757a4f9d4d4aa7445ce3b) Importer(815301076,1909f56bfc062723c751e8b465ee728b)
Start importing Assets/Zombie/textures/Texture2/1_Normal.tga using Guid(17648fa2fc6757a4f9d4d4aa7445ce3b) Importer(815301076,1909f56bfc062723c751e8b465ee728b)  -> (artifact id: '99fbc96c921e3108b0a290e5722c52bf') in 0.029912 seconds 
========================================================================
Received Import Request.
  Time since last request: 53.244291 seconds.
  path: Assets/Zombie/Animation
  artifactKey: Guid(afda4325145571e43a21b13e1ea7ea70) Importer(815301076,1909f56bfc062723c751e8b465ee728b)
Start importing Assets/Zombie/Animation using Guid(afda4325145571e43a21b13e1ea7ea70) Importer(815301076,1909f56bfc062723c751e8b465ee728b)  -> (artifact id: 'b2b1df458f02f4a321342cd3ec67cba4') in 0.005213 seconds 
========================================================================
Received Import Request.
  Time since last request: 4.194538 seconds.
  path: Assets/Zombie/stand/Stand.obj
  artifactKey: Guid(2b1ddfd5d1b3829429729a69042b5916) Importer(815301076,1909f56bfc062723c751e8b465ee728b)
Start importing Assets/Zombie/stand/Stand.obj using Guid(2b1ddfd5d1b3829429729a69042b5916) Importer(815301076,1909f56bfc062723c751e8b465ee728b)  -> (artifact id: '93e6ddab3e0d4f07c59cba73704170a8') in 0.030633 seconds 
========================================================================
Received Import Request.
  Time since last request: 1.556080 seconds.
  path: Assets/Zombie/stand/Materials
  artifactKey: Guid(db53dd1270854234689dcc84904cdb53) Importer(815301076,1909f56bfc062723c751e8b465ee728b)
Start importing Assets/Zombie/stand/Materials using Guid(db53dd1270854234689dcc84904cdb53) Importer(815301076,1909f56bfc062723c751e8b465ee728b)  -> (artifact id: '3cbacb4116d37f7a19b28795a38f9a66') in 0.003243 seconds 
========================================================================
Received Import Request.
  Time since last request: 1.470795 seconds.
  path: Assets/Zombie/stand/Materials/Cylinder001Mat.mat
  artifactKey: Guid(a398a90edc6d0d44cb48ffe01f088a61) Importer(815301076,1909f56bfc062723c751e8b465ee728b)
Start importing Assets/Zombie/stand/Materials/Cylinder001Mat.mat using Guid(a398a90edc6d0d44cb48ffe01f088a61) Importer(815301076,1909f56bfc062723c751e8b465ee728b)  -> (artifact id: '10ded61590abbe7862a3fb8ee0164c7a') in 0.009602 seconds 
========================================================================
Received Import Request.
  Time since last request: 193.608385 seconds.
  path: Assets/Zombie/textures/Texture1/2_Albedo.tga
  artifactKey: Guid(c8e6b9f0f0ceaa743b5dee1ba20e4317) Importer(815301076,1909f56bfc062723c751e8b465ee728b)
Start importing Assets/Zombie/textures/Texture1/2_Albedo.tga using Guid(c8e6b9f0f0ceaa743b5dee1ba20e4317) Importer(815301076,1909f56bfc062723c751e8b465ee728b)  -> (artifact id: '08f7d9e7dfa8d2da45a9628e6a68bc19') in 0.031855 seconds 
